c:\users\данил\desktop\mysupergame\mygame\x64\debug\vc143.pdb
c:\users\данил\desktop\mysupergame\mygame\x64\debug\vc143.idb
c:\users\данил\desktop\mysupergame\mygame\x64\debug\main.obj
c:\users\данил\desktop\mysupergame\mygame\x64\debug\mygame.ilk
c:\users\данил\desktop\mysupergame\mygame\x64\debug\mygame.exe
c:\users\данил\desktop\mysupergame\mygame\x64\debug\mygame.pdb
c:\users\данил\desktop\mysupergame\mygame\x64\debug\glew32d.dll
c:\users\данил\desktop\mysupergame\mygame\x64\debug\sfml-graphics-d-2.dll
c:\users\данил\desktop\mysupergame\mygame\x64\debug\sfml-window-d-2.dll
c:\users\данил\desktop\mysupergame\mygame\x64\debug\sfml-system-d-2.dll
c:\users\данил\desktop\mysupergame\mygame\x64\debug\freetyped.dll
c:\users\данил\desktop\mysupergame\mygame\x64\debug\zlibd1.dll
c:\users\данил\desktop\mysupergame\mygame\x64\debug\bz2d.dll
c:\users\данил\desktop\mysupergame\mygame\x64\debug\libpng16d.dll
c:\users\данил\desktop\mysupergame\mygame\x64\debug\brotlidec.dll
c:\users\данил\desktop\mysupergame\mygame\x64\debug\brotlicommon.dll
c:\users\данил\desktop\mysupergame\mygame\x64\debug\mygame.tlog\cl.command.1.tlog
c:\users\данил\desktop\mysupergame\mygame\x64\debug\mygame.tlog\cl.items.tlog
c:\users\данил\desktop\mysupergame\mygame\x64\debug\mygame.tlog\cl.read.1.tlog
c:\users\данил\desktop\mysupergame\mygame\x64\debug\mygame.tlog\cl.write.1.tlog
c:\users\данил\desktop\mysupergame\mygame\x64\debug\mygame.tlog\link.command.1.tlog
c:\users\данил\desktop\mysupergame\mygame\x64\debug\mygame.tlog\link.read.1.tlog
c:\users\данил\desktop\mysupergame\mygame\x64\debug\mygame.tlog\link.write.1.tlog
c:\users\данил\desktop\mysupergame\mygame\x64\debug\mygame.tlog\mygame.write.1u.tlog
