  main.cpp
C:\Users\Данил\Desktop\MysuperGame\MyGame\model.h(118,18): warning C4099: ModelData: имя типа, ранее отображенное с помощью "class", теперь отображено с помощью "struct"
C:\Users\Данил\Desktop\MysuperGame\MyGame\model.h(118,8): message : см. объявление "ModelData"
C:\Users\Данил\Desktop\MysuperGame\MyGame\model.h(204,36): warning C4267: аргумент: преобразование из "size_t" в "_Ty"; возможна потеря данных
          with
          [
              _Ty=std::seed_seq::result_type
          ]
C:\Users\Данил\Desktop\MysuperGame\MyGame\model.h(207,36): warning C4267: аргумент: преобразование из "size_t" в "_Ty"; возможна потеря данных
          with
          [
              _Ty=std::seed_seq::result_type
          ]
C:\Users\Данил\Desktop\MysuperGame\MyGame\model.h(210,36): warning C4267: аргумент: преобразование из "size_t" в "_Ty"; возможна потеря данных
          with
          [
              _Ty=std::seed_seq::result_type
          ]
C:\Users\Данил\Desktop\MysuperGame\MyGame\model.h(231,14): warning C4099: Model: имя типа, ранее отображенное с помощью "class", теперь отображено с помощью "struct"
C:\Users\Данил\Desktop\MysuperGame\MyGame\model.h(231,8): message : см. объявление "Model"
C:\Users\Данил\Desktop\MysuperGame\MyGame\main.cpp(131,19): warning C4305: инициализация: усечение из "double" в "float"
C:\Users\Данил\Desktop\MysuperGame\MyGame\main.cpp(132,29): warning C4305: инициализация: усечение из "double" в "float"
C:\Users\Данил\Desktop\MysuperGame\MyGame\main.cpp(133,34): warning C4305: инициализация: усечение из "double" в "float"
C:\Users\Данил\Desktop\MysuperGame\MyGame\main.cpp(349,28): warning C4305: -=: усечение из "double" в "T"
          with
          [
              T=float
          ]
  MyGame.vcxproj -> C:\Users\Данил\Desktop\MysuperGame\MyGame\x64\Debug\MyGame.exe
  "pwsh.exe" не является внутренней или внешней
  командой, исполняемой программой или пакетным файлом.
