c:\users\данил\desktop\mysupergame\mygame\x64\release\vc143.pdb
c:\users\данил\desktop\mysupergame\mygame\x64\release\main.obj
c:\users\данил\desktop\mysupergame\mygame\x64\release\mygame.ipdb
c:\users\данил\desktop\mysupergame\mygame\x64\release\mygame.iobj
c:\users\данил\desktop\mysupergame\mygame\x64\release\mygame.exe
c:\users\данил\desktop\mysupergame\mygame\x64\release\mygame.pdb
c:\users\данил\desktop\mysupergame\mygame\x64\release\glew32.dll
c:\users\данил\desktop\mysupergame\mygame\x64\release\sfml-graphics-2.dll
c:\users\данил\desktop\mysupergame\mygame\x64\release\sfml-window-2.dll
c:\users\данил\desktop\mysupergame\mygame\x64\release\sfml-system-2.dll
c:\users\данил\desktop\mysupergame\mygame\x64\release\freetype.dll
c:\users\данил\desktop\mysupergame\mygame\x64\release\zlib1.dll
c:\users\данил\desktop\mysupergame\mygame\x64\release\bz2.dll
c:\users\данил\desktop\mysupergame\mygame\x64\release\libpng16.dll
c:\users\данил\desktop\mysupergame\mygame\x64\release\brotlidec.dll
c:\users\данил\desktop\mysupergame\mygame\x64\release\brotlicommon.dll
c:\users\данил\desktop\mysupergame\mygame\x64\release\mygame.tlog\cl.command.1.tlog
c:\users\данил\desktop\mysupergame\mygame\x64\release\mygame.tlog\cl.items.tlog
c:\users\данил\desktop\mysupergame\mygame\x64\release\mygame.tlog\cl.read.1.tlog
c:\users\данил\desktop\mysupergame\mygame\x64\release\mygame.tlog\cl.write.1.tlog
c:\users\данил\desktop\mysupergame\mygame\x64\release\mygame.tlog\link.command.1.tlog
c:\users\данил\desktop\mysupergame\mygame\x64\release\mygame.tlog\link.read.1.tlog
c:\users\данил\desktop\mysupergame\mygame\x64\release\mygame.tlog\link.write.1.tlog
c:\users\данил\desktop\mysupergame\mygame\x64\release\mygame.tlog\link.write.2u.tlog
c:\users\данил\desktop\mysupergame\mygame\x64\release\mygame.tlog\mygame.write.1u.tlog
